#
# There is insufficient memory for the Java Runtime Environment to continue.
# Native memory allocation (mmap) failed to map 65536 bytes for Failed to commit metaspace.
# Possible reasons:
#   The system is out of physical RAM or swap space
#   The process is running with CompressedOops enabled, and the Java Heap may be blocking the growth of the native heap
# Possible solutions:
#   Reduce memory load on the system
#   Increase physical memory or swap space
#   Check if swap backing store is full
#   Decrease Java heap size (-Xmx/-Xms)
#   Decrease number of Java threads
#   Decrease Java thread stack sizes (-Xss)
#   Set larger code cache with -XX:ReservedCodeCacheSize=
#   JVM is running with Zero Based Compressed Oops mode in which the Java heap is
#     placed in the first 32GB address space. The Java Heap base address is the
#     maximum limit for the native heap growth. Please use -XX:HeapBaseMinAddress
#     to set the Java Heap base and to place the Java Heap above 32GB virtual address.
# This output file may be truncated or incomplete.
#
#  Out of Memory Error (virtualSpaceNode.cpp:110), pid=21600, tid=14728
#
# JRE version: OpenJDK Runtime Environment (19.0.2+7) (build 19.0.2+7-44)
# Java VM: OpenJDK 64-Bit Server VM (19.0.2+7-44, mixed mode, emulated-client, sharing, tiered, compressed oops, compressed class ptrs, g1 gc, windows-amd64)
# No core dump will be written. Minidumps are not enabled by default on client versions of Windows
#

---------------  S U M M A R Y ------------

Command Line: -XX:TieredStopAtLevel=1 -Dspring.output.ansi.enabled=always -Dcom.sun.management.jmxremote -Dspring.jmx.enabled=true -Dspring.liveBeansView.mbeanDomain -Dspring.application.admin.enabled=true -Dmanagement.endpoints.jmx.exposure.include=* -javaagent:D:\IntelliJ IDEA Ultimate\lib\idea_rt.jar=52781:D:\IntelliJ IDEA Ultimate\bin -Dfile.encoding=UTF-8 -Dsun.stdout.encoding=UTF-8 -Dsun.stderr.encoding=UTF-8 com.optimed.OptimedApplication

Host: 11th Gen Intel(R) Core(TM) i5-11300H @ 3.10GHz, 8 cores, 15G,  Windows 10 , 64 bit Build 19041 (10.0.19041.5438)
Time: Thu Mar 20 19:53:29 2025 FLE Standard Time elapsed time: 0.509995 seconds (0d 0h 0m 0s)

---------------  T H R E A D  ---------------

Current thread (0x00000240660dd4e0):  JavaThread "RMI TCP Connection(1)-192.168.1.7" daemon [_thread_in_vm, id=14728, stack(0x000000af04500000,0x000000af04600000)]

Stack: [0x000000af04500000,0x000000af04600000]
Native frames: (J=compiled Java code, j=interpreted, Vv=VM code, C=native code)
V  [jvm.dll+0x6ee21a]
V  [jvm.dll+0x85765e]
V  [jvm.dll+0x85904e]
V  [jvm.dll+0x859703]
V  [jvm.dll+0x28298f]
V  [jvm.dll+0x8532db]
V  [jvm.dll+0x692cb6]
V  [jvm.dll+0x692d1a]
V  [jvm.dll+0x695613]
V  [jvm.dll+0x6954de]
V  [jvm.dll+0x6936de]
V  [jvm.dll+0x3c4eaf]
V  [jvm.dll+0x2161bb]
V  [jvm.dll+0x5a9ce0]
V  [jvm.dll+0x2257aa]
V  [jvm.dll+0x7cc802]
V  [jvm.dll+0x7cdc4a]
V  [jvm.dll+0x765e37]
V  [jvm.dll+0x7caf81]
V  [jvm.dll+0x150002]
V  [jvm.dll+0x7cbb12]
V  [jvm.dll+0x5ce76b]
V  [jvm.dll+0x5ce5b6]
V  [jvm.dll+0x3dd670]
C  0x00000240524ebd62

Java frames: (J=compiled Java code, j=interpreted, Vv=VM code)
j  java.io.ObjectInputStream.<clinit>()V+100 java.base@19.0.2
v  ~StubRoutines::call_stub 0x00000240524c10e8
j  sun.rmi.transport.StreamRemoteCall.getInputStream()Ljava/io/ObjectInput;+19 java.rmi@19.0.2
j  sun.rmi.transport.Transport.serviceCall(Ljava/rmi/server/RemoteCall;)Z+1 java.rmi@19.0.2
j  sun.rmi.transport.tcp.TCPTransport.handleMessages(Lsun/rmi/transport/Connection;Z)V+145 java.rmi@19.0.2
j  sun.rmi.transport.tcp.TCPTransport$ConnectionHandler.run0()V+522 java.rmi@19.0.2
j  sun.rmi.transport.tcp.TCPTransport$ConnectionHandler.lambda$run$0()Ljava/lang/Void;+1 java.rmi@19.0.2
j  sun.rmi.transport.tcp.TCPTransport$ConnectionHandler$$Lambda$113+0x000000080109bc48.run()Ljava/lang/Object;+4 java.rmi@19.0.2
j  java.security.AccessController.executePrivileged(Ljava/security/PrivilegedAction;Ljava/security/AccessControlContext;Ljava/lang/Class;)Ljava/lang/Object;+29 java.base@19.0.2
j  java.security.AccessController.doPrivileged(Ljava/security/PrivilegedAction;Ljava/security/AccessControlContext;)Ljava/lang/Object;+13 java.base@19.0.2
j  sun.rmi.transport.tcp.TCPTransport$ConnectionHandler.run()V+37 java.rmi@19.0.2
j  java.util.concurrent.ThreadPoolExecutor.runWorker(Ljava/util/concurrent/ThreadPoolExecutor$Worker;)V+92 java.base@19.0.2
j  java.util.concurrent.ThreadPoolExecutor$Worker.run()V+5 java.base@19.0.2
j  java.lang.Thread.run()V+13 java.base@19.0.2
v  ~StubRoutines::call_stub 0x00000240524c10e8

---------------  P R O C E S S  ---------------

Threads class SMR info:
_java_thread_list=0x0000024065f73560, length=16, elements={
0x000002404a578780, 0x0000024061706470, 0x0000024061707260, 0x0000024061709a60,
0x000002406170c660, 0x000002406170dfa0, 0x000002406170eee0, 0x0000024061710690,
0x0000024061728060, 0x00000240616d8670, 0x00000240659c9f20, 0x00000240659cc080,
0x0000024065e73fe0, 0x0000024065e74930, 0x0000024065fcab40, 0x00000240660dd4e0
}

Java Threads: ( => current thread )
  0x000002404a578780 JavaThread "main" [_thread_in_vm, id=16912, stack(0x000000af02f00000,0x000000af03000000)]
  0x0000024061706470 JavaThread "Reference Handler" daemon [_thread_blocked, id=22368, stack(0x000000af03600000,0x000000af03700000)]
  0x0000024061707260 JavaThread "Finalizer" daemon [_thread_blocked, id=4440, stack(0x000000af03700000,0x000000af03800000)]
  0x0000024061709a60 JavaThread "Signal Dispatcher" daemon [_thread_blocked, id=12448, stack(0x000000af03800000,0x000000af03900000)]
  0x000002406170c660 JavaThread "Attach Listener" daemon [_thread_blocked, id=7988, stack(0x000000af03900000,0x000000af03a00000)]
  0x000002406170dfa0 JavaThread "Service Thread" daemon [_thread_blocked, id=12504, stack(0x000000af03a00000,0x000000af03b00000)]
  0x000002406170eee0 JavaThread "Monitor Deflation Thread" daemon [_thread_blocked, id=4608, stack(0x000000af03b00000,0x000000af03c00000)]
  0x0000024061710690 JavaThread "C1 CompilerThread0" daemon [_thread_blocked, id=21160, stack(0x000000af03c00000,0x000000af03d00000)]
  0x0000024061728060 JavaThread "Sweeper thread" daemon [_thread_blocked, id=9876, stack(0x000000af03d00000,0x000000af03e00000)]
  0x00000240616d8670 JavaThread "Common-Cleaner" daemon [_thread_blocked, id=13420, stack(0x000000af03e00000,0x000000af03f00000)]
  0x00000240659c9f20 JavaThread "C1 CompilerThread1" daemon [_thread_blocked, id=15208, stack(0x000000af03f00000,0x000000af04000000)]
  0x00000240659cc080 JavaThread "C1 CompilerThread2" daemon [_thread_blocked, id=14636, stack(0x000000af04000000,0x000000af04100000)]
  0x0000024065e73fe0 JavaThread "Monitor Ctrl-Break" daemon [_thread_in_native, id=17796, stack(0x000000af04100000,0x000000af04200000)]
  0x0000024065e74930 JavaThread "Notification Thread" daemon [_thread_blocked, id=14496, stack(0x000000af04200000,0x000000af04300000)]
  0x0000024065fcab40 JavaThread "RMI TCP Accept-0" daemon [_thread_in_native, id=16224, stack(0x000000af04300000,0x000000af04400000)]
=>0x00000240660dd4e0 JavaThread "RMI TCP Connection(1)-192.168.1.7" daemon [_thread_in_vm, id=14728, stack(0x000000af04500000,0x000000af04600000)]

Other Threads:
  0x00000240616e9700 VMThread "VM Thread" [stack: 0x000000af03500000,0x000000af03600000] [id=18412]
  0x000002404a5796b0 WatcherThread "VM Periodic Task Thread" [stack: 0x000000af04400000,0x000000af04500000] [id=11216]
  0x000002404a5e6cd0 WorkerThread "GC Thread#0" [stack: 0x000000af03000000,0x000000af03100000] [id=9556]
  0x000002404a5f79b0 ConcurrentGCThread "G1 Main Marker" [stack: 0x000000af03100000,0x000000af03200000] [id=10148]
  0x000002404a5f82f0 WorkerThread "G1 Conc#0" [stack: 0x000000af03200000,0x000000af03300000] [id=21604]
  0x000002406159e590 ConcurrentGCThread "G1 Refine#0" [stack: 0x000000af03300000,0x000000af03400000] [id=19772]
  0x000002406159ed80 ConcurrentGCThread "G1 Service" [stack: 0x000000af03400000,0x000000af03500000] [id=13492]

Threads with active compile tasks:

VM state: not at safepoint (normal execution)

VM Mutex/Monitor currently owned by a thread:  ([mutex/lock_event])
[0x000002404a573840] Metaspace_lock - owner thread: 0x00000240660dd4e0

Heap address: 0x0000000703200000, size: 4046 MB, Compressed Oops mode: Zero based, Oop shift amount: 3

CDS archive(s) mapped at: [0x0000000800000000-0x0000000800c40000-0x0000000800c40000), size 12845056, SharedBaseAddress: 0x0000000800000000, ArchiveRelocationMode: 0.
Compressed class space mapped at: 0x0000000801000000-0x0000000841000000, reserved size: 1073741824
Narrow klass base: 0x0000000800000000, Narrow klass shift: 0, Narrow klass range: 0x100000000

GC Precious Log:
 CardTable entry size: 512
 Card Set container configuration: InlinePtr #cards 4 size 8 Array Of Cards #cards 16 size 48 Howl #buckets 8 coarsen threshold 3686 Howl Bitmap #cards 512 size 80 coarsen threshold 460 Card regions per heap region 1 cards per card region 4096
 CPUs: 8 total, 8 available
 Memory: 16179M
 Large Page Support: Disabled
 NUMA Support: Disabled
 Compressed Oops: Enabled (Zero based)
 Heap Region Size: 2M
 Heap Min Capacity: 8M
 Heap Initial Capacity: 254M
 Heap Max Capacity: 4046M
 Pre-touch: Disabled
 Parallel Workers: 8
 Concurrent Workers: 2
 Concurrent Refinement Workers: 8
 Periodic GC: Disabled

Heap:
 garbage-first heap   total 260096K, used 18432K [0x0000000703200000, 0x0000000800000000)
  region size 2048K, 10 young (20480K), 0 survivors (0K)
 Metaspace       used 5819K, committed 5952K, reserved 1114112K
  class space    used 662K, committed 704K, reserved 1048576K

Heap Regions: E=young(eden), S=young(survivor), O=old, HS=humongous(starts), HC=humongous(continues), CS=collection set, F=free, OA=open archive, CA=closed archive, TAMS=top-at-mark-start (previous, next)
|   0|0x0000000703200000, 0x0000000703200000, 0x0000000703400000|  0%| F|  |TAMS 0x0000000703200000, 0x0000000703200000| Untracked 
|   1|0x0000000703400000, 0x0000000703400000, 0x0000000703600000|  0%| F|  |TAMS 0x0000000703400000, 0x0000000703400000| Untracked 
|   2|0x0000000703600000, 0x0000000703600000, 0x0000000703800000|  0%| F|  |TAMS 0x0000000703600000, 0x0000000703600000| Untracked 
|   3|0x0000000703800000, 0x0000000703800000, 0x0000000703a00000|  0%| F|  |TAMS 0x0000000703800000, 0x0000000703800000| Untracked 
|   4|0x0000000703a00000, 0x0000000703a00000, 0x0000000703c00000|  0%| F|  |TAMS 0x0000000703a00000, 0x0000000703a00000| Untracked 
|   5|0x0000000703c00000, 0x0000000703c00000, 0x0000000703e00000|  0%| F|  |TAMS 0x0000000703c00000, 0x0000000703c00000| Untracked 
|   6|0x0000000703e00000, 0x0000000703e00000, 0x0000000704000000|  0%| F|  |TAMS 0x0000000703e00000, 0x0000000703e00000| Untracked 
|   7|0x0000000704000000, 0x0000000704000000, 0x0000000704200000|  0%| F|  |TAMS 0x0000000704000000, 0x0000000704000000| Untracked 
|   8|0x0000000704200000, 0x0000000704200000, 0x0000000704400000|  0%| F|  |TAMS 0x0000000704200000, 0x0000000704200000| Untracked 
|   9|0x0000000704400000, 0x0000000704400000, 0x0000000704600000|  0%| F|  |TAMS 0x0000000704400000, 0x0000000704400000| Untracked 
|  10|0x0000000704600000, 0x0000000704600000, 0x0000000704800000|  0%| F|  |TAMS 0x0000000704600000, 0x0000000704600000| Untracked 
|  11|0x0000000704800000, 0x0000000704800000, 0x0000000704a00000|  0%| F|  |TAMS 0x0000000704800000, 0x0000000704800000| Untracked 
|  12|0x0000000704a00000, 0x0000000704a00000, 0x0000000704c00000|  0%| F|  |TAMS 0x0000000704a00000, 0x0000000704a00000| Untracked 
|  13|0x0000000704c00000, 0x0000000704c00000, 0x0000000704e00000|  0%| F|  |TAMS 0x0000000704c00000, 0x0000000704c00000| Untracked 
|  14|0x0000000704e00000, 0x0000000704e00000, 0x0000000705000000|  0%| F|  |TAMS 0x0000000704e00000, 0x0000000704e00000| Untracked 
|  15|0x0000000705000000, 0x0000000705000000, 0x0000000705200000|  0%| F|  |TAMS 0x0000000705000000, 0x0000000705000000| Untracked 
|  16|0x0000000705200000, 0x0000000705200000, 0x0000000705400000|  0%| F|  |TAMS 0x0000000705200000, 0x0000000705200000| Untracked 
|  17|0x0000000705400000, 0x0000000705400000, 0x0000000705600000|  0%| F|  |TAMS 0x0000000705400000, 0x0000000705400000| Untracked 
|  18|0x0000000705600000, 0x0000000705600000, 0x0000000705800000|  0%| F|  |TAMS 0x0000000705600000, 0x0000000705600000| Untracked 
|  19|0x0000000705800000, 0x0000000705800000, 0x0000000705a00000|  0%| F|  |TAMS 0x0000000705800000, 0x0000000705800000| Untracked 
|  20|0x0000000705a00000, 0x0000000705a00000, 0x0000000705c00000|  0%| F|  |TAMS 0x0000000705a00000, 0x0000000705a00000| Untracked 
|  21|0x0000000705c00000, 0x0000000705c00000, 0x0000000705e00000|  0%| F|  |TAMS 0x0000000705c00000, 0x0000000705c00000| Untracked 
|  22|0x0000000705e00000, 0x0000000705e00000, 0x0000000706000000|  0%| F|  |TAMS 0x0000000705e00000, 0x0000000705e00000| Untracked 
|  23|0x0000000706000000, 0x0000000706000000, 0x0000000706200000|  0%| F|  |TAMS 0x0000000706000000, 0x0000000706000000| Untracked 
|  24|0x0000000706200000, 0x0000000706200000, 0x0000000706400000|  0%| F|  |TAMS 0x0000000706200000, 0x0000000706200000| Untracked 
|  25|0x0000000706400000, 0x0000000706400000, 0x0000000706600000|  0%| F|  |TAMS 0x0000000706400000, 0x0000000706400000| Untracked 
|  26|0x0000000706600000, 0x0000000706600000, 0x0000000706800000|  0%| F|  |TAMS 0x0000000706600000, 0x0000000706600000| Untracked 
|  27|0x0000000706800000, 0x0000000706800000, 0x0000000706a00000|  0%| F|  |TAMS 0x0000000706800000, 0x0000000706800000| Untracked 
|  28|0x0000000706a00000, 0x0000000706a00000, 0x0000000706c00000|  0%| F|  |TAMS 0x0000000706a00000, 0x0000000706a00000| Untracked 
|  29|0x0000000706c00000, 0x0000000706c00000, 0x0000000706e00000|  0%| F|  |TAMS 0x0000000706c00000, 0x0000000706c00000| Untracked 
|  30|0x0000000706e00000, 0x0000000706e00000, 0x0000000707000000|  0%| F|  |TAMS 0x0000000706e00000, 0x0000000706e00000| Untracked 
|  31|0x0000000707000000, 0x0000000707000000, 0x0000000707200000|  0%| F|  |TAMS 0x0000000707000000, 0x0000000707000000| Untracked 
|  32|0x0000000707200000, 0x0000000707200000, 0x0000000707400000|  0%| F|  |TAMS 0x0000000707200000, 0x0000000707200000| Untracked 
|  33|0x0000000707400000, 0x0000000707400000, 0x0000000707600000|  0%| F|  |TAMS 0x0000000707400000, 0x0000000707400000| Untracked 
|  34|0x0000000707600000, 0x0000000707600000, 0x0000000707800000|  0%| F|  |TAMS 0x0000000707600000, 0x0000000707600000| Untracked 
|  35|0x0000000707800000, 0x0000000707800000, 0x0000000707a00000|  0%| F|  |TAMS 0x0000000707800000, 0x0000000707800000| Untracked 
|  36|0x0000000707a00000, 0x0000000707a00000, 0x0000000707c00000|  0%| F|  |TAMS 0x0000000707a00000, 0x0000000707a00000| Untracked 
|  37|0x0000000707c00000, 0x0000000707c00000, 0x0000000707e00000|  0%| F|  |TAMS 0x0000000707c00000, 0x0000000707c00000| Untracked 
|  38|0x0000000707e00000, 0x0000000707e00000, 0x0000000708000000|  0%| F|  |TAMS 0x0000000707e00000, 0x0000000707e00000| Untracked 
|  39|0x0000000708000000, 0x0000000708000000, 0x0000000708200000|  0%| F|  |TAMS 0x0000000708000000, 0x0000000708000000| Untracked 
|  40|0x0000000708200000, 0x0000000708200000, 0x0000000708400000|  0%| F|  |TAMS 0x0000000708200000, 0x0000000708200000| Untracked 
|  41|0x0000000708400000, 0x0000000708400000, 0x0000000708600000|  0%| F|  |TAMS 0x0000000708400000, 0x0000000708400000| Untracked 
|  42|0x0000000708600000, 0x0000000708600000, 0x0000000708800000|  0%| F|  |TAMS 0x0000000708600000, 0x0000000708600000| Untracked 
|  43|0x0000000708800000, 0x0000000708800000, 0x0000000708a00000|  0%| F|  |TAMS 0x0000000708800000, 0x0000000708800000| Untracked 
|  44|0x0000000708a00000, 0x0000000708a00000, 0x0000000708c00000|  0%| F|  |TAMS 0x0000000708a00000, 0x0000000708a00000| Untracked 
|  45|0x0000000708c00000, 0x0000000708c00000, 0x0000000708e00000|  0%| F|  |TAMS 0x0000000708c00000, 0x0000000708c00000| Untracked 
|  46|0x0000000708e00000, 0x0000000708e00000, 0x0000000709000000|  0%| F|  |TAMS 0x0000000708e00000, 0x0000000708e00000| Untracked 
|  47|0x0000000709000000, 0x0000000709000000, 0x0000000709200000|  0%| F|  |TAMS 0x0000000709000000, 0x0000000709000000| Untracked 
|  48|0x0000000709200000, 0x0000000709200000, 0x0000000709400000|  0%| F|  |TAMS 0x0000000709200000, 0x0000000709200000| Untracked 
|  49|0x0000000709400000, 0x0000000709400000, 0x0000000709600000|  0%| F|  |TAMS 0x0000000709400000, 0x0000000709400000| Untracked 
|  50|0x0000000709600000, 0x0000000709600000, 0x0000000709800000|  0%| F|  |TAMS 0x0000000709600000, 0x0000000709600000| Untracked 
|  51|0x0000000709800000, 0x0000000709800000, 0x0000000709a00000|  0%| F|  |TAMS 0x0000000709800000, 0x0000000709800000| Untracked 
|  52|0x0000000709a00000, 0x0000000709a00000, 0x0000000709c00000|  0%| F|  |TAMS 0x0000000709a00000, 0x0000000709a00000| Untracked 
|  53|0x0000000709c00000, 0x0000000709c00000, 0x0000000709e00000|  0%| F|  |TAMS 0x0000000709c00000, 0x0000000709c00000| Untracked 
|  54|0x0000000709e00000, 0x0000000709e00000, 0x000000070a000000|  0%| F|  |TAMS 0x0000000709e00000, 0x0000000709e00000| Untracked 
|  55|0x000000070a000000, 0x000000070a000000, 0x000000070a200000|  0%| F|  |TAMS 0x000000070a000000, 0x000000070a000000| Untracked 
|  56|0x000000070a200000, 0x000000070a200000, 0x000000070a400000|  0%| F|  |TAMS 0x000000070a200000, 0x000000070a200000| Untracked 
|  57|0x000000070a400000, 0x000000070a400000, 0x000000070a600000|  0%| F|  |TAMS 0x000000070a400000, 0x000000070a400000| Untracked 
|  58|0x000000070a600000, 0x000000070a600000, 0x000000070a800000|  0%| F|  |TAMS 0x000000070a600000, 0x000000070a600000| Untracked 
|  59|0x000000070a800000, 0x000000070a800000, 0x000000070aa00000|  0%| F|  |TAMS 0x000000070a800000, 0x000000070a800000| Untracked 
|  60|0x000000070aa00000, 0x000000070aa00000, 0x000000070ac00000|  0%| F|  |TAMS 0x000000070aa00000, 0x000000070aa00000| Untracked 
|  61|0x000000070ac00000, 0x000000070ac00000, 0x000000070ae00000|  0%| F|  |TAMS 0x000000070ac00000, 0x000000070ac00000| Untracked 
|  62|0x000000070ae00000, 0x000000070ae00000, 0x000000070b000000|  0%| F|  |TAMS 0x000000070ae00000, 0x000000070ae00000| Untracked 
|  63|0x000000070b000000, 0x000000070b000000, 0x000000070b200000|  0%| F|  |TAMS 0x000000070b000000, 0x000000070b000000| Untracked 
|  64|0x000000070b200000, 0x000000070b200000, 0x000000070b400000|  0%| F|  |TAMS 0x000000070b200000, 0x000000070b200000| Untracked 
|  65|0x000000070b400000, 0x000000070b400000, 0x000000070b600000|  0%| F|  |TAMS 0x000000070b400000, 0x000000070b400000| Untracked 
|  66|0x000000070b600000, 0x000000070b600000, 0x000000070b800000|  0%| F|  |TAMS 0x000000070b600000, 0x000000070b600000| Untracked 
|  67|0x000000070b800000, 0x000000070b800000, 0x000000070ba00000|  0%| F|  |TAMS 0x000000070b800000, 0x000000070b800000| Untracked 
|  68|0x000000070ba00000, 0x000000070ba00000, 0x000000070bc00000|  0%| F|  |TAMS 0x000000070ba00000, 0x000000070ba00000| Untracked 
|  69|0x000000070bc00000, 0x000000070bc00000, 0x000000070be00000|  0%| F|  |TAMS 0x000000070bc00000, 0x000000070bc00000| Untracked 
|  70|0x000000070be00000, 0x000000070be00000, 0x000000070c000000|  0%| F|  |TAMS 0x000000070be00000, 0x000000070be00000| Untracked 
|  71|0x000000070c000000, 0x000000070c000000, 0x000000070c200000|  0%| F|  |TAMS 0x000000070c000000, 0x000000070c000000| Untracked 
|  72|0x000000070c200000, 0x000000070c200000, 0x000000070c400000|  0%| F|  |TAMS 0x000000070c200000, 0x000000070c200000| Untracked 
|  73|0x000000070c400000, 0x000000070c400000, 0x000000070c600000|  0%| F|  |TAMS 0x000000070c400000, 0x000000070c400000| Untracked 
|  74|0x000000070c600000, 0x000000070c600000, 0x000000070c800000|  0%| F|  |TAMS 0x000000070c600000, 0x000000070c600000| Untracked 
|  75|0x000000070c800000, 0x000000070c800000, 0x000000070ca00000|  0%| F|  |TAMS 0x000000070c800000, 0x000000070c800000| Untracked 
|  76|0x000000070ca00000, 0x000000070ca00000, 0x000000070cc00000|  0%| F|  |TAMS 0x000000070ca00000, 0x000000070ca00000| Untracked 
|  77|0x000000070cc00000, 0x000000070cc00000, 0x000000070ce00000|  0%| F|  |TAMS 0x000000070cc00000, 0x000000070cc00000| Untracked 
|  78|0x000000070ce00000, 0x000000070ce00000, 0x000000070d000000|  0%| F|  |TAMS 0x000000070ce00000, 0x000000070ce00000| Untracked 
|  79|0x000000070d000000, 0x000000070d000000, 0x000000070d200000|  0%| F|  |TAMS 0x000000070d000000, 0x000000070d000000| Untracked 
|  80|0x000000070d200000, 0x000000070d200000, 0x000000070d400000|  0%| F|  |TAMS 0x000000070d200000, 0x000000070d200000| Untracked 
|  81|0x000000070d400000, 0x000000070d400000, 0x000000070d600000|  0%| F|  |TAMS 0x000000070d400000, 0x000000070d400000| Untracked 
|  82|0x000000070d600000, 0x000000070d600000, 0x000000070d800000|  0%| F|  |TAMS 0x000000070d600000, 0x000000070d600000| Untracked 
|  83|0x000000070d800000, 0x000000070d800000, 0x000000070da00000|  0%| F|  |TAMS 0x000000070d800000, 0x000000070d800000| Untracked 
|  84|0x000000070da00000, 0x000000070da00000, 0x000000070dc00000|  0%| F|  |TAMS 0x000000070da00000, 0x000000070da00000| Untracked 
|  85|0x000000070dc00000, 0x000000070dc00000, 0x000000070de00000|  0%| F|  |TAMS 0x000000070dc00000, 0x000000070dc00000| Untracked 
|  86|0x000000070de00000, 0x000000070de00000, 0x000000070e000000|  0%| F|  |TAMS 0x000000070de00000, 0x000000070de00000| Untracked 
|  87|0x000000070e000000, 0x000000070e000000, 0x000000070e200000|  0%| F|  |TAMS 0x000000070e000000, 0x000000070e000000| Untracked 
|  88|0x000000070e200000, 0x000000070e200000, 0x000000070e400000|  0%| F|  |TAMS 0x000000070e200000, 0x000000070e200000| Untracked 
|  89|0x000000070e400000, 0x000000070e400000, 0x000000070e600000|  0%| F|  |TAMS 0x000000070e400000, 0x000000070e400000| Untracked 
|  90|0x000000070e600000, 0x000000070e600000, 0x000000070e800000|  0%| F|  |TAMS 0x000000070e600000, 0x000000070e600000| Untracked 
|  91|0x000000070e800000, 0x000000070e800000, 0x000000070ea00000|  0%| F|  |TAMS 0x000000070e800000, 0x000000070e800000| Untracked 
|  92|0x000000070ea00000, 0x000000070ea00000, 0x000000070ec00000|  0%| F|  |TAMS 0x000000070ea00000, 0x000000070ea00000| Untracked 
|  93|0x000000070ec00000, 0x000000070ec00000, 0x000000070ee00000|  0%| F|  |TAMS 0x000000070ec00000, 0x000000070ec00000| Untracked 
|  94|0x000000070ee00000, 0x000000070ee00000, 0x000000070f000000|  0%| F|  |TAMS 0x000000070ee00000, 0x000000070ee00000| Untracked 
|  95|0x000000070f000000, 0x000000070f000000, 0x000000070f200000|  0%| F|  |TAMS 0x000000070f000000, 0x000000070f000000| Untracked 
|  96|0x000000070f200000, 0x000000070f200000, 0x000000070f400000|  0%| F|  |TAMS 0x000000070f200000, 0x000000070f200000| Untracked 
|  97|0x000000070f400000, 0x000000070f400000, 0x000000070f600000|  0%| F|  |TAMS 0x000000070f400000, 0x000000070f400000| Untracked 
|  98|0x000000070f600000, 0x000000070f600000, 0x000000070f800000|  0%| F|  |TAMS 0x000000070f600000, 0x000000070f600000| Untracked 
|  99|0x000000070f800000, 0x000000070f800000, 0x000000070fa00000|  0%| F|  |TAMS 0x000000070f800000, 0x000000070f800000| Untracked 
| 100|0x000000070fa00000, 0x000000070fa00000, 0x000000070fc00000|  0%| F|  |TAMS 0x000000070fa00000, 0x000000070fa00000| Untracked 
| 101|0x000000070fc00000, 0x000000070fc00000, 0x000000070fe00000|  0%| F|  |TAMS 0x000000070fc00000, 0x000000070fc00000| Untracked 
| 102|0x000000070fe00000, 0x000000070fe00000, 0x0000000710000000|  0%| F|  |TAMS 0x000000070fe00000, 0x000000070fe00000| Untracked 
| 103|0x0000000710000000, 0x0000000710000000, 0x0000000710200000|  0%| F|  |TAMS 0x0000000710000000, 0x0000000710000000| Untracked 
| 104|0x0000000710200000, 0x0000000710200000, 0x0000000710400000|  0%| F|  |TAMS 0x0000000710200000, 0x0000000710200000| Untracked 
| 105|0x0000000710400000, 0x0000000710400000, 0x0000000710600000|  0%| F|  |TAMS 0x0000000710400000, 0x0000000710400000| Untracked 
| 106|0x0000000710600000, 0x0000000710600000, 0x0000000710800000|  0%| F|  |TAMS 0x0000000710600000, 0x0000000710600000| Untracked 
| 107|0x0000000710800000, 0x0000000710800000, 0x0000000710a00000|  0%| F|  |TAMS 0x0000000710800000, 0x0000000710800000| Untracked 
| 108|0x0000000710a00000, 0x0000000710a00000, 0x0000000710c00000|  0%| F|  |TAMS 0x0000000710a00000, 0x0000000710a00000| Untracked 
| 109|0x0000000710c00000, 0x0000000710c00000, 0x0000000710e00000|  0%| F|  |TAMS 0x0000000710c00000, 0x0000000710c00000| Untracked 
| 110|0x0000000710e00000, 0x0000000710e00000, 0x0000000711000000|  0%| F|  |TAMS 0x0000000710e00000, 0x0000000710e00000| Untracked 
| 111|0x0000000711000000, 0x0000000711000000, 0x0000000711200000|  0%| F|  |TAMS 0x0000000711000000, 0x0000000711000000| Untracked 
| 112|0x0000000711200000, 0x0000000711200000, 0x0000000711400000|  0%| F|  |TAMS 0x0000000711200000, 0x0000000711200000| Untracked 
| 113|0x0000000711400000, 0x0000000711400000, 0x0000000711600000|  0%| F|  |TAMS 0x0000000711400000, 0x0000000711400000| Untracked 
| 114|0x0000000711600000, 0x0000000711600000, 0x0000000711800000|  0%| F|  |TAMS 0x0000000711600000, 0x0000000711600000| Untracked 
| 115|0x0000000711800000, 0x0000000711800000, 0x0000000711a00000|  0%| F|  |TAMS 0x0000000711800000, 0x0000000711800000| Untracked 
| 116|0x0000000711a00000, 0x0000000711a00000, 0x0000000711c00000|  0%| F|  |TAMS 0x0000000711a00000, 0x0000000711a00000| Untracked 
| 117|0x0000000711c00000, 0x0000000711dc53e8, 0x0000000711e00000| 88%| E|  |TAMS 0x0000000711c00000, 0x0000000711c00000| Complete 
| 118|0x0000000711e00000, 0x0000000712000000, 0x0000000712000000|100%| E|CS|TAMS 0x0000000711e00000, 0x0000000711e00000| Complete 
| 119|0x0000000712000000, 0x0000000712200000, 0x0000000712200000|100%| E|CS|TAMS 0x0000000712000000, 0x0000000712000000| Complete 
| 120|0x0000000712200000, 0x0000000712400000, 0x0000000712400000|100%| E|CS|TAMS 0x0000000712200000, 0x0000000712200000| Complete 
| 121|0x0000000712400000, 0x0000000712600000, 0x0000000712600000|100%| E|CS|TAMS 0x0000000712400000, 0x0000000712400000| Complete 
| 122|0x0000000712600000, 0x0000000712800000, 0x0000000712800000|100%| E|CS|TAMS 0x0000000712600000, 0x0000000712600000| Complete 
| 123|0x0000000712800000, 0x0000000712a00000, 0x0000000712a00000|100%| E|CS|TAMS 0x0000000712800000, 0x0000000712800000| Complete 
| 124|0x0000000712a00000, 0x0000000712c00000, 0x0000000712c00000|100%| E|CS|TAMS 0x0000000712a00000, 0x0000000712a00000| Complete 
| 125|0x0000000712c00000, 0x0000000712e00000, 0x0000000712e00000|100%| E|CS|TAMS 0x0000000712c00000, 0x0000000712c00000| Complete 
| 126|0x0000000712e00000, 0x0000000713000000, 0x0000000713000000|100%| E|CS|TAMS 0x0000000712e00000, 0x0000000712e00000| Complete 

Card table byte_map: [0x0000024055dc0000,0x00000240565b0000] _byte_map_base: 0x00000240525a7000

Marking Bits (Prev, Next): (CMBitMap*) 0x000002404a5e7210, (CMBitMap*) 0x000002404a5e7250
 Prev Bits: [0x0000024056da0000, 0x000002405acd8000)
 Next Bits: [0x000002405ace0000, 0x000002405ec18000)

Polling page: 0x0000024048540000

Metaspace:

Usage:
  Non-class:      5.04 MB used.
      Class:    662.06 KB used.
       Both:      5.68 MB used.

Virtual space:
  Non-class space:       64.00 MB reserved,       5.12 MB (  8%) committed,  1 nodes.
      Class space:        1.00 GB reserved,     704.00 KB ( <1%) committed,  1 nodes.
             Both:        1.06 GB reserved,       5.81 MB ( <1%) committed. 

Chunk freelists:
   Non-Class:  2.45 MB
       Class:  3.19 MB
        Both:  5.64 MB

MaxMetaspaceSize: unlimited
CompressedClassSpaceSize: 1.00 GB
Initial GC threshold: 21.00 MB
Current GC threshold: 21.00 MB
CDS: on
MetaspaceReclaimPolicy: balanced
 - commit_granule_bytes: 65536.
 - commit_granule_words: 8192.
 - virtual_space_node_default_size: 8388608.
 - enlarge_chunks_in_place: 1.
 - new_chunks_are_fully_committed: 0.
 - uncommit_free_chunks: 1.
 - use_allocation_guard: 0.


Internal statistics:

num_allocs_failed_limit: 0.
num_arena_births: 150.
num_arena_deaths: 0.
num_vsnodes_births: 2.
num_vsnodes_deaths: 0.
num_space_committed: 93.
num_space_uncommitted: 0.
num_chunks_returned_to_freelist: 0.
num_chunks_taken_from_freelist: 192.
num_chunk_merges: 0.
num_chunk_splits: 129.
num_chunks_enlarged: 77.
num_inconsistent_stats: 0.

CodeCache: size=49152Kb used=3912Kb max_used=3912Kb free=45239Kb
 bounds [0x00000240524c0000, 0x00000240528a0000, 0x00000240554c0000]
 total_blobs=1625 nmethods=1166 adapters=383
 compilation: enabled
              stopped_count=0, restarted_count=0
 full_count=0

Compilation events (20 events):
Event: 0.503 Thread 0x00000240659c9f20 1149       1       java.lang.invoke.MemberName::isPrivate (8 bytes)
Event: 0.504 Thread 0x00000240659c9f20 nmethod 1149 0x000002405288c710 code [0x000002405288c8a0, 0x000002405288c978]
Event: 0.504 Thread 0x00000240659c9f20 1150       1       java.lang.invoke.InvokerBytecodeGenerator::emitStaticInvoke (258 bytes)
Event: 0.504 Thread 0x00000240659cc080 nmethod 1151 0x000002405288ca10 code [0x000002405288cbc0, 0x000002405288cdb8]
Event: 0.504 Thread 0x0000024061710690 nmethod 1148 0x000002405288d010 code [0x000002405288d2a0, 0x000002405288d948]
Event: 0.504 Thread 0x00000240659c9f20 nmethod 1150 0x000002405288db90 code [0x000002405288de00, 0x000002405288e3e8]
Event: 0.505 Thread 0x00000240659c9f20 1154       1       jdk.internal.loader.URLClassPath$Loader::getBaseURL (5 bytes)
Event: 0.505 Thread 0x00000240659c9f20 nmethod 1154 0x000002405288e790 code [0x000002405288e920, 0x000002405288e9f8]
Event: 0.505 Thread 0x00000240659c9f20 1155       1       java.security.CodeSource::getLocation (5 bytes)
Event: 0.505 Thread 0x00000240659c9f20 nmethod 1155 0x000002405288ea90 code [0x000002405288ec20, 0x000002405288ecf8]
Event: 0.507 Thread 0x00000240659c9f20 1156       1       jdk.internal.org.objectweb.asm.MethodWriter::visitCode (1 bytes)
Event: 0.507 Thread 0x00000240659c9f20 nmethod 1156 0x000002405288ed90 code [0x000002405288ef20, 0x000002405288efd8]
Event: 0.507 Thread 0x00000240659cc080 1158       1       java.util.zip.InflaterInputStream::ensureOpen (18 bytes)
Event: 0.507 Thread 0x00000240659c9f20 1157   !   1       java.util.zip.InflaterInputStream::read (122 bytes)
Event: 0.507 Thread 0x00000240659cc080 nmethod 1158 0x000002405288f090 code [0x000002405288f240, 0x000002405288f3a8]
Event: 0.507 Thread 0x00000240659c9f20 nmethod 1157 0x000002405288f490 code [0x000002405288f6e0, 0x000002405288fe18]
Event: 0.509 Thread 0x00000240659c9f20 1160       1       java.io.FileSystem::hasBooleanAttributes (17 bytes)
Event: 0.509 Thread 0x0000024061710690 1161   !   1       java.io.WinNTFileSystem::getBooleanAttributes (27 bytes)
Event: 0.509 Thread 0x0000024061710690 nmethod 1161 0x0000024052890a10 code [0x0000024052890be0, 0x0000024052890d58]
Event: 0.509 Thread 0x00000240659c9f20 nmethod 1160 0x0000024052890e90 code [0x0000024052891060, 0x00000240528911f8]

GC Heap History (0 events):
No events

Dll operation events (12 events):
Event: 0.007 Loaded shared library C:\Users\NITRO 5\.jdks\openjdk-19.0.2\bin\java.dll
Event: 0.019 Loaded shared library C:\Users\NITRO 5\.jdks\openjdk-19.0.2\bin\jsvml.dll
Event: 0.117 Loaded shared library C:\Users\NITRO 5\.jdks\openjdk-19.0.2\bin\zip.dll
Event: 0.119 Loaded shared library C:\Users\NITRO 5\.jdks\openjdk-19.0.2\bin\instrument.dll
Event: 0.124 Loaded shared library C:\Users\NITRO 5\.jdks\openjdk-19.0.2\bin\net.dll
Event: 0.126 Loaded shared library C:\Users\NITRO 5\.jdks\openjdk-19.0.2\bin\nio.dll
Event: 0.129 Loaded shared library C:\Users\NITRO 5\.jdks\openjdk-19.0.2\bin\zip.dll
Event: 0.171 Loaded shared library C:\Users\NITRO 5\.jdks\openjdk-19.0.2\bin\jimage.dll
Event: 0.212 Loaded shared library D:\IntelliJ IDEA Ultimate\bin\breakgen64.dll
Event: 0.222 Loaded shared library C:\Users\NITRO 5\.jdks\openjdk-19.0.2\bin\extnet.dll
Event: 0.231 Loaded shared library C:\Users\NITRO 5\.jdks\openjdk-19.0.2\bin\management.dll
Event: 0.245 Loaded shared library C:\Users\NITRO 5\.jdks\openjdk-19.0.2\bin\management_ext.dll

Deoptimization events (4 events):
Event: 0.334 Thread 0x000002406170c660 DEOPT PACKING pc=0x0000024052819f55 sp=0x000000af039fd720
Event: 0.334 Thread 0x000002406170c660 DEOPT UNPACKING pc=0x000002405252b0e3 sp=0x000000af039fcbd0 mode 3
Event: 0.343 Thread 0x000002406170c660 DEOPT PACKING pc=0x0000024052833050 sp=0x000000af039fd6f0
Event: 0.343 Thread 0x000002406170c660 DEOPT UNPACKING pc=0x000002405252b0e3 sp=0x000000af039fcba8 mode 3

Classes loaded (20 events):
Event: 0.506 Loading class sun/rmi/transport/Channel
Event: 0.506 Loading class sun/rmi/transport/Channel done
Event: 0.506 Loading class sun/rmi/transport/tcp/TCPChannel done
Event: 0.507 Loading class java/lang/InheritableThreadLocal
Event: 0.507 Loading class java/lang/InheritableThreadLocal done
Event: 0.507 Loading class sun/rmi/transport/tcp/TCPConnection
Event: 0.507 Loading class sun/rmi/transport/Connection
Event: 0.507 Loading class sun/rmi/transport/Connection done
Event: 0.507 Loading class sun/rmi/transport/tcp/TCPConnection done
Event: 0.507 Loading class sun/rmi/transport/StreamRemoteCall
Event: 0.507 Loading class java/rmi/server/RemoteCall
Event: 0.507 Loading class java/rmi/server/RemoteCall done
Event: 0.507 Loading class sun/rmi/transport/StreamRemoteCall done
Event: 0.507 Loading class sun/rmi/transport/ConnectionInputStream
Event: 0.507 Loading class sun/rmi/server/MarshalInputStream
Event: 0.508 Loading class sun/rmi/server/MarshalInputStream done
Event: 0.508 Loading class sun/rmi/transport/ConnectionInputStream done
Event: 0.508 Loading class jdk/internal/access/JavaObjectInputStreamAccess
Event: 0.508 Loading class jdk/internal/access/JavaObjectInputStreamAccess done
Event: 0.509 Loading class jdk/internal/access/JavaObjectInputStreamReadString

Classes unloaded (0 events):
No events

Classes redefined (0 events):
No events

Internal exceptions (15 events):
Event: 0.204 Thread 0x000002404a578780 Exception <a 'java/lang/NoSuchMethodError'{0x00000007124ebc80}: 'void java.lang.invoke.DirectMethodHandle$Holder.invokeStatic(java.lang.Object, java.lang.Object, java.lang.Object)'> (0x00000007124ebc80) 
thrown [s\open\src\hotspot\share\interpreter\linkResolver.cpp, line 774]
Event: 0.208 Thread 0x000002404a578780 Exception <a 'java/lang/NoSuchMethodError'{0x0000000712504278}: 'java.lang.Object java.lang.invoke.Invokers$Holder.invokeExact_MT(java.lang.Object, java.lang.Object, java.lang.Object, java.lang.Object, java.lang.Object)'> (0x0000000712504278) 
thrown [s\open\src\hotspot\share\interpreter\linkResolver.cpp, line 774]
Event: 0.211 Thread 0x000002406170c660 Exception <a 'java/lang/NoSuchMethodError'{0x00000007125750e8}: 'java.lang.Object java.lang.invoke.Invokers$Holder.invokeExact_MT(java.lang.Object, java.lang.Object, java.lang.Object, java.lang.Object, java.lang.Object, java.lang.Object)'> (0x00000007125750e8) 
thrown [s\open\src\hotspot\share\interpreter\linkResolver.cpp, line 774]
Event: 0.223 Thread 0x0000024065e73fe0 Exception <a 'java/lang/NoSuchMethodError'{0x00000007125cbf68}: 'void java.lang.invoke.DirectMethodHandle$Holder.invokeStatic(java.lang.Object, java.lang.Object)'> (0x00000007125cbf68) 
thrown [s\open\src\hotspot\share\interpreter\linkResolver.cpp, line 774]
Event: 0.229 Thread 0x000002406170c660 Exception <a 'java/lang/NoSuchMethodError'{0x0000000712595bd8}: 'java.lang.Object java.lang.invoke.DirectMethodHandle$Holder.invokeStaticInit(java.lang.Object)'> (0x0000000712595bd8) 
thrown [s\open\src\hotspot\share\interpreter\linkResolver.cpp, line 774]
Event: 0.248 Thread 0x000002406170c660 Exception <a 'java/lang/NoSuchMethodError'{0x00000007125aac88}: 'int java.lang.invoke.DirectMethodHandle$Holder.invokeInterface(java.lang.Object, java.lang.Object)'> (0x00000007125aac88) 
thrown [s\open\src\hotspot\share\interpreter\linkResolver.cpp, line 774]
Event: 0.249 Thread 0x000002406170c660 Exception <a 'java/lang/IncompatibleClassChangeError'{0x00000007125ae170}: Found class java.lang.Object, but interface was expected> (0x00000007125ae170) 
thrown [s\open\src\hotspot\share\interpreter\linkResolver.cpp, line 841]
Event: 0.291 Thread 0x000002406170c660 Exception <a 'java/lang/NoSuchMethodError'{0x00000007122b6f88}: 'int java.lang.invoke.DirectMethodHandle$Holder.invokeSpecial(java.lang.Object, java.lang.Object, java.lang.Object)'> (0x00000007122b6f88) 
thrown [s\open\src\hotspot\share\interpreter\linkResolver.cpp, line 774]
Event: 0.316 Thread 0x000002406170c660 Exception <a 'java/lang/NoSuchMethodError'{0x000000071235db08}: 'java.lang.Object java.lang.invoke.DirectMethodHandle$Holder.invokeStaticInit(java.lang.Object, java.lang.Object, java.lang.Object)'> (0x000000071235db08) 
thrown [s\open\src\hotspot\share\interpreter\linkResolver.cpp, line 774]
Event: 0.398 Thread 0x000002406170c660 Exception <a 'java/lang/NoSuchMethodError'{0x0000000711ec32e8}: 'java.lang.Object java.lang.invoke.DirectMethodHandle$Holder.invokeStaticInit(java.lang.Object, int, int, int, int)'> (0x0000000711ec32e8) 
thrown [s\open\src\hotspot\share\interpreter\linkResolver.cpp, line 774]
Event: 0.450 Thread 0x000002406170c660 Exception <a 'java/lang/NoSuchMethodError'{0x0000000711f1f420}: 'java.lang.Object java.lang.invoke.DirectMethodHandle$Holder.invokeStaticInit(java.lang.Object, java.lang.Object, int, int, int, int)'> (0x0000000711f1f420) 
thrown [s\open\src\hotspot\share\interpreter\linkResolver.cpp, line 774]
Event: 0.463 Thread 0x000002406170c660 Exception <a 'java/lang/ClassNotFoundException'{0x0000000711f3f4f0}: javax/management/remote/rmi/RMIServerImpl_Skel> (0x0000000711f3f4f0) 
thrown [s\open\src\hotspot\share\classfile\systemDictionary.cpp, line 255]
Event: 0.474 Thread 0x000002406170c660 Exception <a 'java/lang/NoSuchMethodError'{0x0000000711f59620}: 'long java.lang.invoke.DirectMethodHandle$Holder.invokeSpecial(java.lang.Object, java.lang.Object)'> (0x0000000711f59620) 
thrown [s\open\src\hotspot\share\interpreter\linkResolver.cpp, line 774]
Event: 0.474 Thread 0x000002406170c660 Exception <a 'java/lang/NoSuchMethodError'{0x0000000711f5cf78}: 'long java.lang.invoke.Invokers$Holder.invokeExact_MT(java.lang.Object, java.lang.Object)'> (0x0000000711f5cf78) 
thrown [s\open\src\hotspot\share\interpreter\linkResolver.cpp, line 774]
Event: 0.480 Thread 0x000002406170c660 Exception <a 'java/lang/NoSuchMethodError'{0x0000000711f75db8}: 'void java.lang.invoke.DirectMethodHandle$Holder.invokeSpecial(java.lang.Object, java.lang.Object, java.lang.Object)'> (0x0000000711f75db8) 
thrown [s\open\src\hotspot\share\interpreter\linkResolver.cpp, line 774]

VM Operations (20 events):
Event: 0.108 Executing VM operation: HandshakeAllThreads
Event: 0.108 Executing VM operation: HandshakeAllThreads done
Event: 0.179 Executing VM operation: HandshakeAllThreads
Event: 0.179 Executing VM operation: HandshakeAllThreads done
Event: 0.212 Executing VM operation: HandshakeAllThreads
Event: 0.212 Executing VM operation: HandshakeAllThreads done
Event: 0.215 Executing VM operation: HandshakeAllThreads
Event: 0.215 Executing VM operation: HandshakeAllThreads done
Event: 0.238 Executing VM operation: HandshakeAllThreads
Event: 0.238 Executing VM operation: HandshakeAllThreads done
Event: 0.254 Executing VM operation: HandshakeAllThreads
Event: 0.254 Executing VM operation: HandshakeAllThreads done
Event: 0.387 Executing VM operation: HandshakeAllThreads
Event: 0.387 Executing VM operation: HandshakeAllThreads done
Event: 0.462 Executing VM operation: HandshakeAllThreads
Event: 0.462 Executing VM operation: HandshakeAllThreads done
Event: 0.482 Executing VM operation: HandshakeAllThreads
Event: 0.482 Executing VM operation: HandshakeAllThreads done
Event: 0.508 Executing VM operation: HandshakeAllThreads
Event: 0.508 Executing VM operation: HandshakeAllThreads done

Events (16 events):
Event: 0.019 Thread 0x000002404a578780 Thread added: 0x000002404a578780
Event: 0.032 Thread 0x0000024061706470 Thread added: 0x0000024061706470
Event: 0.032 Thread 0x0000024061707260 Thread added: 0x0000024061707260
Event: 0.033 Thread 0x0000024061709a60 Thread added: 0x0000024061709a60
Event: 0.033 Thread 0x000002406170c660 Thread added: 0x000002406170c660
Event: 0.033 Thread 0x000002406170dfa0 Thread added: 0x000002406170dfa0
Event: 0.033 Thread 0x000002406170eee0 Thread added: 0x000002406170eee0
Event: 0.033 Thread 0x0000024061710690 Thread added: 0x0000024061710690
Event: 0.033 Thread 0x0000024061728060 Thread added: 0x0000024061728060
Event: 0.100 Thread 0x00000240616d8670 Thread added: 0x00000240616d8670
Event: 0.108 Thread 0x00000240659c9f20 Thread added: 0x00000240659c9f20
Event: 0.109 Thread 0x00000240659cc080 Thread added: 0x00000240659cc080
Event: 0.212 Thread 0x0000024065e73fe0 Thread added: 0x0000024065e73fe0
Event: 0.212 Thread 0x0000024065e74930 Thread added: 0x0000024065e74930
Event: 0.470 Thread 0x0000024065fcab40 Thread added: 0x0000024065fcab40
Event: 0.500 Thread 0x00000240660dd4e0 Thread added: 0x00000240660dd4e0


Dynamic libraries:
0x00007ff605e10000 - 0x00007ff605e1e000 	C:\Users\NITRO 5\.jdks\openjdk-19.0.2\bin\java.exe
0x00007ffbbf510000 - 0x00007ffbbf708000 	C:\Windows\SYSTEM32\ntdll.dll
0x00007ffbbee80000 - 0x00007ffbbef42000 	C:\Windows\System32\KERNEL32.DLL
0x00007ffbbcbb0000 - 0x00007ffbbceaf000 	C:\Windows\System32\KERNELBASE.dll
0x00007ffbbd110000 - 0x00007ffbbd210000 	C:\Windows\System32\ucrtbase.dll
0x00007ffbb7f30000 - 0x00007ffbb7f47000 	C:\Users\NITRO 5\.jdks\openjdk-19.0.2\bin\jli.dll
0x00007ffbb7f10000 - 0x00007ffbb7f2b000 	C:\Users\NITRO 5\.jdks\openjdk-19.0.2\bin\VCRUNTIME140.dll
0x00007ffbbd8c0000 - 0x00007ffbbda5d000 	C:\Windows\System32\USER32.dll
0x00007ffba69f0000 - 0x00007ffba6c8a000 	C:\Windows\WinSxS\amd64_microsoft.windows.common-controls_6595b64144ccf1df_6.0.19041.4355_none_60b8b9eb71f62e16\COMCTL32.dll
0x00007ffbbcf40000 - 0x00007ffbbcf62000 	C:\Windows\System32\win32u.dll
0x00007ffbbda60000 - 0x00007ffbbdafe000 	C:\Windows\System32\msvcrt.dll
0x00007ffbbde10000 - 0x00007ffbbde3b000 	C:\Windows\System32\GDI32.dll
0x00007ffbbd3a0000 - 0x00007ffbbd4ba000 	C:\Windows\System32\gdi32full.dll
0x00007ffbbcf70000 - 0x00007ffbbd00d000 	C:\Windows\System32\msvcp_win.dll
0x00007ffbbdb00000 - 0x00007ffbbdb2f000 	C:\Windows\System32\IMM32.DLL
0x00007ffbb74c0000 - 0x00007ffbb74cc000 	C:\Users\NITRO 5\.jdks\openjdk-19.0.2\bin\vcruntime140_1.dll
0x00007ffbabd60000 - 0x00007ffbabdee000 	C:\Users\NITRO 5\.jdks\openjdk-19.0.2\bin\msvcp140.dll
0x00007ffb71940000 - 0x00007ffb72600000 	C:\Users\NITRO 5\.jdks\openjdk-19.0.2\bin\server\jvm.dll
0x00007ffbbef50000 - 0x00007ffbbefff000 	C:\Windows\System32\ADVAPI32.dll
0x00007ffbbd6f0000 - 0x00007ffbbd78f000 	C:\Windows\System32\sechost.dll
0x00007ffbbdec0000 - 0x00007ffbbdfe3000 	C:\Windows\System32\RPCRT4.dll
0x00007ffbbd370000 - 0x00007ffbbd397000 	C:\Windows\System32\bcrypt.dll
0x00007ffbb69d0000 - 0x00007ffbb69d9000 	C:\Windows\SYSTEM32\WSOCK32.dll
0x00007ffba26b0000 - 0x00007ffba26d7000 	C:\Windows\SYSTEM32\WINMM.dll
0x00007ffbbe580000 - 0x00007ffbbe5eb000 	C:\Windows\System32\WS2_32.dll
0x00007ffbaef00000 - 0x00007ffbaef0a000 	C:\Windows\SYSTEM32\VERSION.dll
0x00007ffbbb390000 - 0x00007ffbbb3a2000 	C:\Windows\SYSTEM32\kernel.appcore.dll
0x00007ffbb7450000 - 0x00007ffbb745a000 	C:\Users\NITRO 5\.jdks\openjdk-19.0.2\bin\jimage.dll
0x00007ffbbb090000 - 0x00007ffbbb274000 	C:\Windows\SYSTEM32\DBGHELP.DLL
0x00007ffba3ae0000 - 0x00007ffba3b14000 	C:\Windows\SYSTEM32\dbgcore.DLL
0x00007ffbbceb0000 - 0x00007ffbbcf32000 	C:\Windows\System32\bcryptPrimitives.dll
0x00007ffbb7440000 - 0x00007ffbb744e000 	C:\Users\NITRO 5\.jdks\openjdk-19.0.2\bin\instrument.dll
0x00007ffbb7400000 - 0x00007ffbb7426000 	C:\Users\NITRO 5\.jdks\openjdk-19.0.2\bin\java.dll
0x00007ffb7e030000 - 0x00007ffb7e107000 	C:\Users\NITRO 5\.jdks\openjdk-19.0.2\bin\jsvml.dll
0x00007ffbbe660000 - 0x00007ffbbedcd000 	C:\Windows\System32\SHELL32.dll
0x00007ffbba8e0000 - 0x00007ffbbb084000 	C:\Windows\SYSTEM32\windows.storage.dll
0x00007ffbbf0e0000 - 0x00007ffbbf435000 	C:\Windows\System32\combase.dll
0x00007ffbbc500000 - 0x00007ffbbc52b000 	C:\Windows\SYSTEM32\Wldp.dll
0x00007ffbbdd40000 - 0x00007ffbbde0d000 	C:\Windows\System32\OLEAUT32.dll
0x00007ffbbdff0000 - 0x00007ffbbe09d000 	C:\Windows\System32\SHCORE.dll
0x00007ffbbf080000 - 0x00007ffbbf0d5000 	C:\Windows\System32\shlwapi.dll
0x00007ffbbcae0000 - 0x00007ffbbcb05000 	C:\Windows\SYSTEM32\profapi.dll
0x00007ffbb4410000 - 0x00007ffbb4428000 	C:\Users\NITRO 5\.jdks\openjdk-19.0.2\bin\zip.dll
0x00007ffbb6920000 - 0x00007ffbb6933000 	C:\Users\NITRO 5\.jdks\openjdk-19.0.2\bin\net.dll
0x00007ffbb8ea0000 - 0x00007ffbb8faa000 	C:\Windows\SYSTEM32\WINHTTP.dll
0x00007ffbbc2e0000 - 0x00007ffbbc34c000 	C:\Windows\system32\mswsock.dll
0x00007ffbb4430000 - 0x00007ffbb4446000 	C:\Users\NITRO 5\.jdks\openjdk-19.0.2\bin\nio.dll
0x00007ffbb43d0000 - 0x00007ffbb43ea000 	D:\IntelliJ IDEA Ultimate\bin\breakgen64.dll
0x00007ffbbbfd0000 - 0x00007ffbbc09a000 	C:\Windows\SYSTEM32\DNSAPI.dll
0x00007ffbbbf90000 - 0x00007ffbbbfcb000 	C:\Windows\SYSTEM32\IPHLPAPI.DLL
0x00007ffbbdb30000 - 0x00007ffbbdb38000 	C:\Windows\System32\NSI.dll
0x00007ffbb73f0000 - 0x00007ffbb73f8000 	C:\Users\NITRO 5\.jdks\openjdk-19.0.2\bin\extnet.dll
0x00007ffbb41c0000 - 0x00007ffbb41ca000 	C:\Windows\System32\rasadhlp.dll
0x00007ffbb2aa0000 - 0x00007ffbb2b20000 	C:\Windows\System32\fwpuclnt.dll
0x00007ffbb6910000 - 0x00007ffbb691a000 	C:\Users\NITRO 5\.jdks\openjdk-19.0.2\bin\management.dll
0x00007ffbb4210000 - 0x00007ffbb421b000 	C:\Users\NITRO 5\.jdks\openjdk-19.0.2\bin\management_ext.dll
0x00007ffbbd6e0000 - 0x00007ffbbd6e8000 	C:\Windows\System32\PSAPI.DLL
0x00007ffbbc540000 - 0x00007ffbbc558000 	C:\Windows\SYSTEM32\CRYPTSP.dll
0x00007ffbbbbb0000 - 0x00007ffbbbbe8000 	C:\Windows\system32\rsaenh.dll
0x00007ffbbcaa0000 - 0x00007ffbbcace000 	C:\Windows\SYSTEM32\USERENV.dll
0x00007ffbbc470000 - 0x00007ffbbc47c000 	C:\Windows\SYSTEM32\CRYPTBASE.dll
0x00007ffbb5170000 - 0x00007ffbb5187000 	C:\Windows\SYSTEM32\dhcpcsvc6.DLL
0x00007ffbb4eb0000 - 0x00007ffbb4ecd000 	C:\Windows\SYSTEM32\dhcpcsvc.DLL
0x00007ffb8fb70000 - 0x00007ffb8fb87000 	C:\Windows\system32\napinsp.dll
0x00007ffb8f2c0000 - 0x00007ffb8f2db000 	C:\Windows\system32\pnrpnsp.dll
0x00007ffbb90b0000 - 0x00007ffbb90c5000 	C:\Windows\system32\wshbth.dll
0x00007ffbb8d70000 - 0x00007ffbb8d8d000 	C:\Windows\system32\NLAapi.dll
0x00007ffb8f0b0000 - 0x00007ffb8f0c2000 	C:\Windows\System32\winrnr.dll

dbghelp: loaded successfully - version: 4.0.5 - missing functions: none
symbol engine: initialized successfully - sym options: 0x614 - pdb path: .;C:\Users\NITRO 5\.jdks\openjdk-19.0.2\bin;C:\Windows\SYSTEM32;C:\Windows\WinSxS\amd64_microsoft.windows.common-controls_6595b64144ccf1df_6.0.19041.4355_none_60b8b9eb71f62e16;C:\Users\NITRO 5\.jdks\openjdk-19.0.2\bin\server;D:\IntelliJ IDEA Ultimate\bin

VM Arguments:
jvm_args: -XX:TieredStopAtLevel=1 -Dspring.output.ansi.enabled=always -Dcom.sun.management.jmxremote -Dspring.jmx.enabled=true -Dspring.liveBeansView.mbeanDomain -Dspring.application.admin.enabled=true -Dmanagement.endpoints.jmx.exposure.include=* -javaagent:D:\IntelliJ IDEA Ultimate\lib\idea_rt.jar=52781:D:\IntelliJ IDEA Ultimate\bin -Dfile.encoding=UTF-8 -Dsun.stdout.encoding=UTF-8 -Dsun.stderr.encoding=UTF-8 
java_command: com.optimed.OptimedApplication
java_class_path (initial): D:\OptiMed\optimed\target\classes;C:\Users\NITRO 5\.m2\repository\org\springframework\boot\spring-boot-starter-data-jpa\3.4.2\spring-boot-starter-data-jpa-3.4.2.jar;C:\Users\NITRO 5\.m2\repository\org\springframework\boot\spring-boot-starter\3.4.2\spring-boot-starter-3.4.2.jar;C:\Users\NITRO 5\.m2\repository\org\springframework\boot\spring-boot\3.4.2\spring-boot-3.4.2.jar;C:\Users\NITRO 5\.m2\repository\org\springframework\boot\spring-boot-autoconfigure\3.4.2\spring-boot-autoconfigure-3.4.2.jar;C:\Users\NITRO 5\.m2\repository\org\springframework\boot\spring-boot-starter-logging\3.4.2\spring-boot-starter-logging-3.4.2.jar;C:\Users\NITRO 5\.m2\repository\ch\qos\logback\logback-classic\1.5.16\logback-classic-1.5.16.jar;C:\Users\NITRO 5\.m2\repository\ch\qos\logback\logback-core\1.5.16\logback-core-1.5.16.jar;C:\Users\NITRO 5\.m2\repository\org\apache\logging\log4j\log4j-to-slf4j\2.24.3\log4j-to-slf4j-2.24.3.jar;C:\Users\NITRO 5\.m2\repository\org\apache\logging\log4j\log4j-api\2.24.3\log4j-api-2.24.3.jar;C:\Users\NITRO 5\.m2\repository\org\slf4j\jul-to-slf4j\2.0.16\jul-to-slf4j-2.0.16.jar;C:\Users\NITRO 5\.m2\repository\jakarta\annotation\jakarta.annotation-api\2.1.1\jakarta.annotation-api-2.1.1.jar;C:\Users\NITRO 5\.m2\repository\org\yaml\snakeyaml\2.3\snakeyaml-2.3.jar;C:\Users\NITRO 5\.m2\repository\org\springframework\boot\spring-boot-starter-jdbc\3.4.2\spring-boot-starter-jdbc-3.4.2.jar;C:\Users\NITRO 5\.m2\repository\com\zaxxer\HikariCP\5.1.0\HikariCP-5.1.0.jar;C:\Users\NITRO 5\.m2\repository\org\hibernate\orm\hibernate-core\6.6.5.Final\hibernate-core-6.6.5.Final.jar;C:\Users\NITRO 5\.m2\repository\jakarta\persistence\jakarta.persistence-api\3.1.0\jakarta.persistence-api-3.1.0.jar;C:\Users\NITRO 5\.m2\repository\jakarta\transaction\jakarta.transaction-api\2.0.1\jakarta.transaction-api-2.0.1.jar;C:\Users\NITRO 5\.m2\repository\org\jboss\logging\jboss-logging\3.6.1.Final\jboss-logging-3.6.1.Final.jar;C:\Users\NITRO 5\.m2\repository\org\hibernate\common\hibernate-commons-annotations\7.0.3.Final\hibernate-commons-annotations-7.0.3.Final.jar;C:\Users\NITRO 5\.m2\repository\io\smallrye\jandex\3.2.0\jandex-3.2.0.jar;C:\Users\NITRO 5\.m2\repository\com\fasterxml\classmate\1.7.0\classmate-1.7.0.jar;C:\Users\NITRO 5\.m2\repository\net\bytebuddy\byte-buddy\1.15.11\byte-buddy-1.15.11.jar;C:\Users\NITRO 5\.m2\repository\org\glassfish\jaxb\jaxb-runtime\4.0.5\jaxb-runtime-4.0.5.jar;C:\Users\NITRO 5\.m2\repository\org\glassfish\jaxb\jaxb-core\4.0.5\jaxb-core-4.0.5.jar;C:\Users\NITRO 5\.m2\repository\org\eclipse\angus\angus-activation\2.0.2\angus-activation-2.0.2.jar;C:\Users\NITRO 5\.m2\repository\org\glassfish\jaxb\txw2\4.0.5\txw2-4.0.5.jar;C:\Users\NITRO 5\.m2\repository\com\sun\istack\istack-commons-runtime\4.1.2\istack-commons-runtime-4.1.2.jar;C:\Users\NITRO 5\.m2\repository\jakarta\inject\jakarta.inject-api\2.0.1\jakarta.inject-api-2.0.1.jar;C:\Users\NITRO 5\.m2\repository\org\antlr\antlr4-runtime\4.13.0\antlr4-runtime-4.13.0.jar;C:\Users\NITRO 5\.m2\repository\org\springframework\data\spring-data-jpa\3.4.2\spring-data-jpa-3.4.2.jar;C:\Users\NITRO 5\.m2\repository\org\springframework\data\spring-data-commons\3.4.2\spring-data-commons-3.4.2.jar;C:\Users\NITRO 5\.m2\repository\org\springframework\spring-orm\6.2.2\spring-orm-6.2.2.jar;C:\Users\NITRO 5\.m2\repository\org\springframework\spring-tx\6.2.2\spring-tx-6.2.2.jar;C:\Users\NITRO 5\.m2\repository\org\springframework\spring-beans\6.2.2\spring-beans-6.2.2.jar;C:\Users\NITRO 5\.m2\repository\org\springframework\spring-aspects\6.2.2\spring-aspects-6.2.2.jar;C:\Users\NITRO 5\.m2\repository\org\aspectj\aspectjweaver\1.9.22.1\aspectjweaver-1.9.22.1.jar;C:\Users\NITRO 5\.m2\repository\org\projectlombok\lombok\1.18.36\lombok-1.18.36.jar;C:\Users\NITRO 5\.m2\repository\org\springframework\boot\spring-boot-starter-security\3.4.2\spring-boot-starter-security-3.4.2.jar;C:\Users\NITRO 5\.m2\repository\org\springframework\spring-aop\6.2.2\spring-aop-6.2.2.jar;C:\Users\NITRO 5\.m2\repository\org\springframework\security\spring-security-config\6.4.2\spring-security-config-6.4.2.jar;C:\Users\NITRO 5\.m2\repository\org\springframework\security\spring-security-web\6.4.2\spring-security-web-6.4.2.jar;C:\Users\NITRO 5\.m2\repository\org\springframework\spring-expression\6.2.2\spring-expression-6.2.2.jar;C:\Users\NITRO 5\.m2\repository\org\springframework\boot\spring-boot-starter-thymeleaf\3.4.2\spring-boot-starter-thymeleaf-3.4.2.jar;C:\Users\NITRO 5\.m2\repository\org\thymeleaf\thymeleaf-spring6\3.1.3.RELEASE\thymeleaf-spring6-3.1.3.RELEASE.jar;C:\Users\NITRO 5\.m2\repository\org\thymeleaf\thymeleaf\3.1.3.RELEASE\thymeleaf-3.1.3.RELEASE.jar;C:\Users\NITRO 5\.m2\repository\org\attoparser\attoparser\2.0.7.RELEASE\attoparser-2.0.7.RELEASE.jar;C:\Users\NITRO 5\.m2\repository\org\unbescape\unbescape\1.1.6.RELEASE\unbescape-1.1.6.RELEASE.jar;C:\Users\NITRO 5\.m2\repository\org\springframework\boot\spring-boot-starter-web\3.4.2\spring-boot-starter-web-3.4.2.jar;C:\Users\NITRO 5\.m2\repository\org\springframework\boot\spring-boot-starter-json\3.4.2\spring-boot-starter-json-3.4.2.jar;C:\Users\NITRO 5\.m2\repository\com\fasterxml\jackson\core\jackson-databind\2.18.2\jackson-databind-2.18.2.jar;C:\Users\NITRO 5\.m2\repository\com\fasterxml\jackson\core\jackson-annotations\2.18.2\jackson-annotations-2.18.2.jar;C:\Users\NITRO 5\.m2\repository\com\fasterxml\jackson\core\jackson-core\2.18.2\jackson-core-2.18.2.jar;C:\Users\NITRO 5\.m2\repository\com\fasterxml\jackson\datatype\jackson-datatype-jdk8\2.18.2\jackson-datatype-jdk8-2.18.2.jar;C:\Users\NITRO 5\.m2\repository\com\fasterxml\jackson\datatype\jackson-datatype-jsr310\2.18.2\jackson-datatype-jsr310-2.18.2.jar;C:\Users\NITRO 5\.m2\repository\com\fasterxml\jackson\module\jackson-module-parameter-names\2.18.2\jackson-module-parameter-names-2.18.2.jar;C:\Users\NITRO 5\.m2\repository\org\springframework\boot\spring-boot-starter-tomcat\3.4.2\spring-boot-starter-tomcat-3.4.2.jar;C:\Users\NITRO 5\.m2\repository\org\apache\tomcat\embed\tomcat-embed-core\10.1.34\tomcat-embed-core-10.1.34.jar;C:\Users\NITRO 5\.m2\repository\org\apache\tomcat\embed\tomcat-embed-websocket\10.1.34\tomcat-embed-websocket-10.1.34.jar;C:\Users\NITRO 5\.m2\repository\org\springframework\spring-web\6.2.2\spring-web-6.2.2.jar;C:\Users\NITRO 5\.m2\repository\io\micrometer\micrometer-observation\1.14.3\micrometer-observation-1.14.3.jar;C:\Users\NITRO 5\.m2\repository\io\micrometer\micrometer-commons\1.14.3\micrometer-commons-1.14.3.jar;C:\Users\NITRO 5\.m2\repository\org\springframework\spring-webmvc\6.2.2\spring-webmvc-6.2.2.jar;C:\Users\NITRO 5\.m2\repository\org\thymeleaf\extras\thymeleaf-extras-springsecurity6\3.1.3.RELEASE\thymeleaf-extras-springsecurity6-3.1.3.RELEASE.jar;C:\Users\NITRO 5\.m2\repository\org\slf4j\slf4j-api\2.0.16\slf4j-api-2.0.16.jar;C:\Users\NITRO 5\.m2\repository\com\mysql\mysql-connector-j\9.1.0\mysql-connector-j-9.1.0.jar;C:\Users\NITRO 5\.m2\repository\jakarta\xml\bind\jakarta.xml.bind-api\4.0.2\jakarta.xml.bind-api-4.0.2.jar;C:\Users\NITRO 5\.m2\repository\jakarta\activation\jakarta.activation-api\2.1.3\jakarta.activation-api-2.1.3.jar;C:\Users\NITRO 5\.m2\repository\org\springframework\spring-core\6.2.2\spring-core-6.2.2.jar;C:\Users\NITRO 5\.m2\repository\org\springframework\spring-jcl\6.2.2\spring-jcl-6.2.2.jar;C:\Users\NITRO 5\.m2\repository\org\springframework\security\spring-security-core\6.4.2\spring-security-core-6.4.2.jar;C:\Users\NITRO 5\.m2\repository\org\springframework\security\spring-security-crypto\6.4.2\spring-security-crypto-6.4.2.jar;C:\Users\NITRO 5\.m2\repository\org\springframework\boot\spring-boot-starter-validation\3.4.2\spring-boot-starter-validation-3.4.2.jar;C:\Users\NITRO 5\.m2\repository\org\apache\tomcat\embed\tomcat-embed-el\10.1.34\tomcat-embed-el-10.1.34.jar;C:\Users\NITRO 5\.m2\repository\org\hibernate\validator\hibernate-validator\8.0.2.Final\hibernate-validator-8.0.2.Final.jar;C:\Users\NITRO 5\.m2\repository\jakarta\validation\jakarta.validation-api\3.0.2\jakarta.validation-api-3.0.2.jar;C:\Users\NITRO 5\.m2\repository\org\springframework\session\spring-session-jdbc\3.4.1\spring-session-jdbc-3.4.1.jar;C:\Users\NITRO 5\.m2\repository\org\springframework\session\spring-session-core\3.4.1\spring-session-core-3.4.1.jar;C:\Users\NITRO 5\.m2\repository\org\springframework\spring-context\6.2.2\spring-context-6.2.2.jar;C:\Users\NITRO 5\.m2\repository\org\springframework\spring-jdbc\6.2.2\spring-jdbc-6.2.2.jar;C:\Users\NITRO 5\AppData\Roaming\JetBrains\IntelliJIdea2024.3\javascript\extLibs\http_buttons.github.io_buttons.js;C:\Users\NITRO 5\AppData\Roaming\JetBrains\IntelliJIdea2024.3\javascript\extLibs\http_cdn.jsdelivr.net_npm_chart.js.js
Launcher Type: SUN_STANDARD

[Global flags]
     intx CICompilerCount                          = 4                                         {product} {ergonomic}
     uint ConcGCThreads                            = 2                                         {product} {ergonomic}
     uint G1ConcRefinementThreads                  = 8                                         {product} {ergonomic}
   size_t G1HeapRegionSize                         = 2097152                                   {product} {ergonomic}
    uintx GCDrainStackTargetSize                   = 64                                        {product} {ergonomic}
   size_t InitialHeapSize                          = 266338304                                 {product} {ergonomic}
     bool ManagementServer                         = true                                      {product} {command line}
   size_t MarkStackSize                            = 4194304                                   {product} {ergonomic}
   size_t MaxHeapSize                              = 4242538496                                {product} {ergonomic}
   size_t MaxNewSize                               = 2543845376                                {product} {ergonomic}
   size_t MinHeapDeltaBytes                        = 2097152                                   {product} {ergonomic}
   size_t MinHeapSize                              = 8388608                                   {product} {ergonomic}
    uintx NonProfiledCodeHeapSize                  = 0                                      {pd product} {ergonomic}
     bool ProfileInterpreter                       = false                                  {pd product} {command line}
    uintx ProfiledCodeHeapSize                     = 0                                      {pd product} {ergonomic}
   size_t SoftMaxHeapSize                          = 4242538496                             {manageable} {ergonomic}
     intx TieredStopAtLevel                        = 1                                         {product} {command line}
     bool UseCompressedClassPointers               = true                           {product lp64_product} {ergonomic}
     bool UseCompressedOops                        = true                           {product lp64_product} {ergonomic}
     bool UseG1GC                                  = true                                      {product} {ergonomic}
     bool UseLargePagesIndividualAllocation        = false                                  {pd product} {ergonomic}

Logging:
Log output configuration:
 #0: stdout all=warning uptime,level,tags foldmultilines=false
 #1: stderr all=off uptime,level,tags foldmultilines=false

Environment Variables:
JAVA_HOME=D:\openlogic-openjdk-17.0.12+7-windows-x64\openlogic-openjdk-17.0.12+7-windows-x64
PATH=C:\Program Files\Microsoft\jdk-11.0.16.101-hotspot\bin;C:\Program Files\Common Files\Oracle\Java\javapath;C:\Program Files (x86)\Razer\ChromaBroadcast\bin;C:\Program Files\Razer\ChromaBroadcast\bin;C:\Program Files (x86)\Common Files\Intel\Shared Libraries\redist\intel64\compiler;C:\ProgramData\Oracle\Java\javapath;C:\Windows\system32;C:\Windows;C:\Windows\System32\Wbem;C:\Windows\System32\WindowsPowerShell\v1.0\;C:\Windows\System32\OpenSSH\;C:\Program Files (x86)\NVIDIA Corporation\PhysX\Common;C:\Program Files\Microsoft SQL Server\130\Tools\Binn\;C:\Users\NITRO 5\AppData\Local\Programs\Python\Python310\Scripts\;C:\Users\NITRO 5\AppData\Local\Programs\Python\Python310\;C:\Users\NITRO 5\AppData\Local\Microsoft\WindowsApps;C:\Users\NITRO 5\.dotnet\tools;C:\ProgramData\chocolatey\bin;C:\Program Files\Microsoft SQL Server\Client SDK\ODBC\170\Tools\Binn\;C:\Program Files (x86)\Microsoft SQL Server\150\Tools\Binn\;C:\Program Files\Microsoft SQL Server\150\Tools\Binn\;C:\Program Files\Microsoft SQL Server\150\DTS\Binn\;C:\Program Files\NVIDIA Corporation\NVIDIA NvDLISR;C:\Program Files\Git LFS;C:\Program Files\dotnet\;C:\Program Files (x86)\Microsoft SQL Server\160\DTS\Binn\;C:\Program Files\Azure Data Studio\bin;C:\Program Files (x86)\Microsoft SQL Server\160\Tools\Binn\;C:\Program Files\Microsoft SQL Server\160\Tools\Binn\;C:\Program Files\Microsoft SQL Server\160\DTS\Binn\;C:\Program Files\Git\cmd;C:\Program Files\nodejs\;D:\apache-maven-3.9.9-bin\apache-maven-3.9.9\bin;C:\Ruby33-x64\bin;C:\Users\NITRO 5\AppData\Local\Programs\Python\Launcher\;C:\Users\NITRO 5\AppData\Local\Microsoft\WindowsApps;C:\Users\NITRO 5\IntelliJ IDEA Community Edition 2022.1.3\bin;C:\Program Files\Azure Data Studio\bin;C:\Users\NITRO 5\.dotnet\tools;C:\Users\NITRO 5\AppData\Local\Programs\Microsoft VS Code\bin;C:\Program Files\Azure Data Studio\bin;C:\Users\NITRO 5\AppData\Local\JetBrains\Toolbox\scripts;D:\RubyMine 233.11799.28\bin;;C:\Users\NITRO 5\.dotnet\tools;C:\Users\NITRO 5\AppData\Roaming\npm;D:\ghcup\bin
USERNAME=NITRO 5
OS=Windows_NT
PROCESSOR_IDENTIFIER=Intel64 Family 6 Model 140 Stepping 1, GenuineIntel
TMP=C:\Users\NITRO5~1\AppData\Local\Temp
TEMP=C:\Users\NITRO5~1\AppData\Local\Temp



---------------  S Y S T E M  ---------------

OS:
 Windows 10 , 64 bit Build 19041 (10.0.19041.5438)
OS uptime: 2 days 21:45 hours
Hyper-V role detected

CPU: total 8 (initial active 8) (4 cores per cpu, 2 threads per core) family 6 model 140 stepping 1 microcode 0x86, cx8, cmov, fxsr, ht, mmx, 3dnowpref, sse, sse2, sse3, ssse3, sse4.1, sse4.2, popcnt, lzcnt, tsc, tscinvbit, avx, avx2, aes, erms, clmul, bmi1, bmi2, adx, avx512f, avx512dq, avx512cd, avx512bw, avx512vl, sha, fma, vzeroupper, avx512_vpopcntdq, avx512_vpclmulqdq, avx512_vaes, avx512_vnni, clflush, clflushopt, clwb, avx512_vbmi2, avx512_vbmi, hv, rdtscp, rdpid, fsrm, gfni, avx512_bitalg

Memory: 4k page, system-wide physical 16179M (842M free)
TotalPageFile size 34914M (AvailPageFile size 1M)
current process WorkingSet (physical memory assigned to process): 63M, peak: 63M
current process commit charge ("private bytes"): 351M, peak: 351M

vm_info: OpenJDK 64-Bit Server VM (19.0.2+7-44) for windows-amd64 JRE (19.0.2+7-44), built on 2022-11-30T18:02:09Z by "mach5one" with MS VC++ 17.1 (VS2022)

END.
